2024-01-25 22:15:37 - Unanswered Question: d
2024-01-25 22:19:58 - Unanswered Question: sdsd4
2024-01-25 22:21:20 - Unanswered Question: dd
2024-01-25 22:23:48 - Unanswered Question: ccs
2024-01-25 22:23:54 - Unanswered Question: sasd
2024-01-25 22:24:45 - Unanswered Question: ssxs
2024-01-25 22:24:53 - Unanswered Question: sxsx
2024-01-25 22:24:54 - Unanswered Question: sxsx
2024-02-09 14:44:53 - Unanswered Question: tarrif
2024-02-16 23:16:37 - Unanswered Question: bay
2024-02-16 23:17:07 - Unanswered Question: bay
2024-02-16 23:19:00 - Unanswered Question: bay
2024-03-15 09:26:45 - Unanswered Question: what is type of diabetes
2024-03-15 09:26:57 - Unanswered Question: type 1 diabetes?
2024-04-01 21:29:14 - Unanswered Question: hy
2024-04-01 21:36:58 - Unanswered Question: diabetes
2024-04-01 21:37:04 - Unanswered Question: diabetes
2024-04-01 21:37:20 - Unanswered Question: bay
2024-04-22 15:13:03 - Unanswered Question: fsdfsdsf
2024-04-22 15:13:53 - Unanswered Question: sdfsd
2024-04-22 15:14:20 - Unanswered Question: fsdfsdfs
2024-04-22 15:18:50 - Unanswered Question: xsxs
2024-04-22 15:24:25 - Unanswered Question: hsdasd
